#
# A fatal error has been detected by the Java Runtime Environment:
#
#  SIGSEGV (0xb) at pc=0x0000000108f6bf87, pid=1597, tid=17667
#
# JRE version: Java(TM) SE Runtime Environment (8.0_25-b17) (build 1.8.0_25-b17)
# Java VM: Java HotSpot(TM) 64-Bit Server VM (25.25-b02 mixed mode bsd-amd64 compressed oops)
# Problematic frame:
# V  [libjvm.dylib+0x16bf87]  ciObjectFactory::create_new_object(Metadata*)+0x2d
#
# Failed to write core dump. Core dumps have been disabled. To enable core dumping, try "ulimit -c unlimited" before starting Java again
#
# If you would like to submit a bug report, please visit:
#   http://bugreport.sun.com/bugreport/crash.jsp
#

---------------  T H R E A D  ---------------

Current thread (0x00007ff931856000):  JavaThread "C1 CompilerThread2" daemon [_thread_in_vm, id=17667, stack(0x000000011f3f8000,0x000000011f4f8000)]

siginfo: si_signo: 11 (SIGSEGV), si_code: 1 (SEGV_MAPERR), si_addr: 0x0000000000000008

Registers:
RAX=0x0000000000000000, RBX=0x0000000121a41568, RCX=0x00007ff9365b4e10, RDX=0x00007ff933f655d0
RSP=0x000000011f4f69c0, RBP=0x000000011f4f6a10, RSI=0x0000000121a41568, RDI=0x0000000121a41568
R8 =0x0000000000000031, R9 =0x00007ff9365b4e10, R10=0x000000011c3427d0, R11=0x00007ff81a97bba0
R12=0x0000000000000031, R13=0x0000000121a41568, R14=0x00007ff933f653a0, R15=0x00007ff931856000
RIP=0x0000000108f6bf87, EFLAGS=0x0000000000010206, ERR=0x0000000000000004
  TRAPNO=0x000000000000000e

Top of Stack: (sp=0x000000011f4f69c0)
0x000000011f4f69c0:   00007ff933f653a0 00007ff9318364d0
0x000000011f4f69d0:   000000011f4f6a10 0000000108f6c1ea
0x000000011f4f69e0:   000000ad1f4f6a10 0000000000000000
0x000000011f4f69f0:   0000000121a41568 0000000000000031
0x000000011f4f6a00:   00007ff933f653a0 00007ff933f655d0
0x000000011f4f6a10:   000000011f4f6a50 0000000108f6c20e
0x000000011f4f6a20:   000000ad365bbe70 000000011f4f6ad0
0x000000011f4f6a30:   000000011bc40950 0000000121a41568
0x000000011f4f6a40:   00007ff9365bc760 00007ff931856000
0x000000011f4f6a50:   000000011f4f6aa0 0000000108f667b1
0x000000011f4f6a60:   0000000000000000 000000000000000a
0x000000011f4f6a70:   000000011bc3ac80 00007ff9365bc760
0x000000011f4f6a80:   00007ff9365bc760 000000011f4f72d0
0x000000011f4f6a90:   000000011bc40950 00007ff9365bbe70
0x000000011f4f6aa0:   000000011f4f6b00 0000000108f66911
0x000000011f4f6ab0:   00007ff931856000 00007ff931856000
0x000000011f4f6ac0:   000000011f4f6b00 0000000108f64bbf
0x000000011f4f6ad0:   000000011bc40950 00007ff931856000
0x000000011f4f6ae0:   000000011bc40950 0000000108ef5ea5
0x000000011f4f6af0:   00000000000000b8 000000011f4f72d0
0x000000011f4f6b00:   000000011f4f6b70 0000000108eee09a
0x000000011f4f6b10:   000000011bc40950 00007ff931856000
0x000000011f4f6b20:   000000011bc40950 0000000100000000
0x000000011f4f6b30:   00007ff9365bc760 00007ff9365bc760
0x000000011f4f6b40:   000000011f4f6b60 0000000000000000
0x000000011f4f6b50:   00007ff9365bc760 000000011f4f72d0
0x000000011f4f6b60:   00000000000000b8 0000000000000000
0x000000011f4f6b70:   000000011f4f6bb0 0000000108eeebce
0x000000011f4f6b80:   000000011bc3ac80 000000011f4f72d0
0x000000011f4f6b90:   00007ff9365bc760 00007ff933060620
0x000000011f4f6ba0:   0000000000000000 0000000000000000
0x000000011f4f6bb0:   000000011f4f6c50 0000000108eefb15 

Instructions: (pc=0x0000000108f6bf87)
0x0000000108f6bf67:   ec 30 48 89 f3 49 89 fe 48 8d 05 6a e6 67 00 48
0x0000000108f6bf77:   63 38 e8 3a 49 42 00 49 89 c7 48 8b 03 48 89 df
0x0000000108f6bf87:   ff 50 08 84 c0 0f 84 93 00 00 00 8b 43 08 85 c0
0x0000000108f6bf97:   7e 32 49 8b 3e be 88 00 00 00 31 d2 e8 d8 17 fb 

Register to memory mapping:

RAX=0x0000000000000000 is an unknown value
RBX=0x0000000121a41568 is pointing into metadata
RCX=0x00007ff9365b4e10 is an unknown value
RDX=0x00007ff933f655d0 is an unknown value
RSP=0x000000011f4f69c0 is pointing into the stack for thread: 0x00007ff931856000
RBP=0x000000011f4f6a10 is pointing into the stack for thread: 0x00007ff931856000
RSI=0x0000000121a41568 is pointing into metadata
RDI=0x0000000121a41568 is pointing into metadata
R8 =0x0000000000000031 is an unknown value
R9 =0x00007ff9365b4e10 is an unknown value
R10=0x000000011c3427d0 is an unknown value
R11=0x00007ff81a97bba0 is an unknown value
R12=0x0000000000000031 is an unknown value
R13=0x0000000121a41568 is pointing into metadata
R14=0x00007ff933f653a0 is an unknown value
R15=0x00007ff931856000 is a thread


Stack: [0x000000011f3f8000,0x000000011f4f8000],  sp=0x000000011f4f69c0,  free space=1018k
Native frames: (J=compiled Java code, j=interpreted, Vv=VM code, C=native code)
V  [libjvm.dylib+0x16bf87]  ciObjectFactory::create_new_object(Metadata*)+0x2d
V  [libjvm.dylib+0x16c20e]  ciObjectFactory::get_metadata(Metadata*)+0x54
V  [libjvm.dylib+0x1667b1]  ciMethod::ensure_method_data(methodHandle)+0x12b
V  [libjvm.dylib+0x166911]  ciMethod::ensure_method_data()+0x12f
V  [libjvm.dylib+0xee09a]  GraphBuilder::try_inline_full(ciMethod*, bool, Bytecodes::Code, Instruction*)+0x108
V  [libjvm.dylib+0xeebce]  GraphBuilder::try_inline(ciMethod*, bool, Bytecodes::Code, Instruction*)+0xde
V  [libjvm.dylib+0xefb15]  GraphBuilder::invoke(Bytecodes::Code)+0xa49
V  [libjvm.dylib+0xf21c1]  GraphBuilder::iterate_bytecodes_for_block(int)+0x2449
V  [libjvm.dylib+0xeea5b]  GraphBuilder::iterate_all_blocks(bool)+0x2d
V  [libjvm.dylib+0xee911]  GraphBuilder::try_inline_full(ciMethod*, bool, Bytecodes::Code, Instruction*)+0x97f
V  [libjvm.dylib+0xeebce]  GraphBuilder::try_inline(ciMethod*, bool, Bytecodes::Code, Instruction*)+0xde
V  [libjvm.dylib+0xefb15]  GraphBuilder::invoke(Bytecodes::Code)+0xa49
V  [libjvm.dylib+0xf21c1]  GraphBuilder::iterate_bytecodes_for_block(int)+0x2449
V  [libjvm.dylib+0xeea9d]  GraphBuilder::iterate_all_blocks(bool)+0x6f
V  [libjvm.dylib+0xee911]  GraphBuilder::try_inline_full(ciMethod*, bool, Bytecodes::Code, Instruction*)+0x97f
V  [libjvm.dylib+0xeebce]  GraphBuilder::try_inline(ciMethod*, bool, Bytecodes::Code, Instruction*)+0xde
V  [libjvm.dylib+0xefb15]  GraphBuilder::invoke(Bytecodes::Code)+0xa49
V  [libjvm.dylib+0xf21c1]  GraphBuilder::iterate_bytecodes_for_block(int)+0x2449
V  [libjvm.dylib+0xeea9d]  GraphBuilder::iterate_all_blocks(bool)+0x6f
V  [libjvm.dylib+0xf2f81]  GraphBuilder::GraphBuilder(Compilation*, IRScope*)+0x2cd
V  [libjvm.dylib+0xf8496]  IRScope::IRScope(Compilation*, IRScope*, int, ciMethod*, int, bool)+0x154
V  [libjvm.dylib+0xf8547]  IR::IR(Compilation*, ciMethod*, int)+0x85
V  [libjvm.dylib+0xe37b7]  Compilation::build_hir()+0xa7
V  [libjvm.dylib+0xe3946]  Compilation::compile_java_method()+0x58
V  [libjvm.dylib+0xe3b6f]  Compilation::compile_method()+0x6d
V  [libjvm.dylib+0xe3d81]  Compilation::Compilation(AbstractCompiler*, ciEnv*, ciMethod*, int, BufferBlob*)+0x19f
V  [libjvm.dylib+0xe4504]  Compiler::compile_method(ciEnv*, ciMethod*, int)+0x90
V  [libjvm.dylib+0x1ac3e8]  CompileBroker::invoke_compiler_on_method(CompileTask*)+0x5b2
V  [libjvm.dylib+0x1ae4f7]  CompileBroker::compiler_thread_loop()+0x2d5
V  [libjvm.dylib+0x535ed9]  JavaThread::thread_main_inner()+0x9b
V  [libjvm.dylib+0x53761c]  JavaThread::run()+0x1c2
V  [libjvm.dylib+0x45d87e]  java_start(Thread*)+0xf6
C  [libsystem_pthread.dylib+0x3268]  _pthread_body+0x83
C  [libsystem_pthread.dylib+0x31e5]  _pthread_body+0x0
C  [libsystem_pthread.dylib+0x141d]  thread_start+0xd
C  0x0000000000000000


Current CompileTask:
C1:3553622 11770 %     3       groovy.lang.MetaClassImpl::applyPropertyDescriptors @ 8 (151 bytes)


---------------  P R O C E S S  ---------------

Java Threads: ( => current thread )
  0x00007ff936128800 JavaThread "Stdin handler" [_thread_blocked, id=21279, stack(0x0000000123724000,0x0000000123824000)]
  0x00007ff931866000 JavaThread "Cancel handler" [_thread_blocked, id=20771, stack(0x00000001225fb000,0x00000001226fb000)]
  0x00007ff936056000 JavaThread "Handler for socket connection from /127.0.0.1:60230 to /127.0.0.1:50617" [_thread_in_native, id=20255, stack(0x00000001204a8000,0x00000001205a8000)]
  0x00007ff932540000 JavaThread "Daemon worker Thread 7" [_thread_in_native, id=21783, stack(0x0000000121119000,0x0000000121219000)]
  0x00007ff935e38800 JavaThread "Daemon Thread 7" [_thread_blocked, id=19739, stack(0x00000001200a2000,0x00000001201a2000)]
  0x00007ff932b2d000 JavaThread "File lock request listener" [_thread_in_native, id=14087, stack(0x00000001222f8000,0x00000001223f8000)]
  0x00007ff9332e8800 JavaThread "Incoming local TCP Connector on port 60230" [_thread_in_native, id=19203, stack(0x000000011ff9f000,0x000000012009f000)]
  0x00007ff93200e000 JavaThread "Service Thread" daemon [_thread_blocked, id=18179, stack(0x000000011f4fb000,0x000000011f5fb000)]
=>0x00007ff931856000 JavaThread "C1 CompilerThread2" daemon [_thread_in_vm, id=17667, stack(0x000000011f3f8000,0x000000011f4f8000)]
  0x00007ff931855800 JavaThread "C2 CompilerThread1" daemon [_thread_blocked, id=17155, stack(0x000000011f2f5000,0x000000011f3f5000)]
  0x00007ff931854000 JavaThread "C2 CompilerThread0" daemon [_thread_blocked, id=16643, stack(0x000000011f1f2000,0x000000011f2f2000)]
  0x00007ff93184e800 JavaThread "Signal Dispatcher" daemon [_thread_blocked, id=13335, stack(0x000000011f0ef000,0x000000011f1ef000)]
  0x00007ff933021000 JavaThread "Finalizer" daemon [_thread_blocked, id=11523, stack(0x000000011d7ac000,0x000000011d8ac000)]
  0x00007ff931843800 JavaThread "Reference Handler" daemon [_thread_blocked, id=11011, stack(0x000000011d6a9000,0x000000011d7a9000)]
  0x00007ff933000000 JavaThread "main" [_thread_blocked, id=4867, stack(0x0000000109d1d000,0x0000000109e1d000)]

Other Threads:
  0x00007ff933020800 VMThread [stack: 0x000000011d5a6000,0x000000011d6a6000] [id=10499]
  0x00007ff93180c800 WatcherThread [stack: 0x000000011f5fe000,0x000000011f6fe000] [id=18691]

VM state:not at safepoint (normal execution)

VM Mutex/Monitor currently owned by a thread: None

Heap:
 PSYoungGen      total 302592K, used 126144K [0x00000007aab00000, 0x00000007c0000000, 0x00000007c0000000)
  eden space 278528K, 36% used [0x00000007aab00000,0x00000007b0ed9ac0,0x00000007bbb00000)
  from space 24064K, 99% used [0x00000007bbb00000,0x00000007bd256918,0x00000007bd280000)
  to   space 37376K, 0% used [0x00000007bdb80000,0x00000007bdb80000,0x00000007c0000000)
 ParOldGen       total 162816K, used 69798K [0x0000000780000000, 0x0000000789f00000, 0x00000007aab00000)
  object space 162816K, 42% used [0x0000000780000000,0x0000000784429808,0x0000000789f00000)
 Metaspace       used 71245K, capacity 75646K, committed 78720K, reserved 1116160K
  class space    used 9630K, capacity 11193K, committed 12160K, reserved 1048576K

Card table byte_map: [0x00000001191df000,0x00000001193e0000] byte_map_base: 0x00000001155df000

Marking Bits: (ParMarkBitMap*) 0x000000010969d390
 Begin Bits: [0x0000000119942000, 0x000000011a942000)
 End Bits:   [0x000000011a942000, 0x000000011b942000)

Polling page: 0x0000000108564000

CodeCache: size=245760Kb used=35095Kb max_used=35117Kb free=210664Kb
 bounds [0x0000000109e1f000, 0x000000010c09f000, 0x0000000118e1f000]
 total_blobs=9381 nmethods=8703 adapters=591
 compilation: enabled

Compilation events (10 events):
Event: 3553.436 Thread 0x00007ff931856000 nmethod 11765 0x000000010c08be50 code [0x000000010c08c020, 0x000000010c08c5e8]
Event: 3553.436 Thread 0x00007ff931856000 11766   !   3       org.codehaus.groovy.runtime.callsite.PogoMetaMethodSite::nonParamCheck (73 bytes)
Event: 3553.437 Thread 0x00007ff931856000 nmethod 11766 0x000000010c08c990 code [0x000000010c08cba0, 0x000000010c08d928]
Event: 3553.437 Thread 0x00007ff931856000 11767       3       sun.reflect.MethodAccessorGenerator::generateMethod (20 bytes)
Event: 3553.437 Thread 0x00007ff931856000 nmethod 11767 0x000000010c087090 code [0x000000010c087200, 0x000000010c0874a8]
Event: 3553.438 Thread 0x00007ff931856000 11768       3       sun.reflect.generics.reflectiveObjects.TypeVariableImpl::getBoundASTs (26 bytes)
Event: 3553.438 Thread 0x00007ff931856000 nmethod 11768 0x000000010c0803d0 code [0x000000010c080540, 0x000000010c0806b0]
Event: 3553.448 Thread 0x00007ff931856000 11769       3       org.codehaus.groovy.runtime.callsite.PogoMetaMethodSite::createCachedMethodSite (60 bytes)
Event: 3553.449 Thread 0x00007ff931856000 nmethod 11769 0x000000010c08ded0 code [0x000000010c08e0c0, 0x000000010c08eac8]
Event: 3553.466 Thread 0x00007ff931856000 11770 %     3       groovy.lang.MetaClassImpl::applyPropertyDescriptors @ 8 (151 bytes)

GC Heap History (10 events):
Event: 3271.079 GC heap before
{Heap before GC invocations=26 (full 7):
 PSYoungGen      total 312832K, used 80442K [0x00000007aab00000, 0x00000007c0000000, 0x00000007c0000000)
  eden space 281600K, 28% used [0x00000007aab00000,0x00000007af98eb60,0x00000007bbe00000)
  from space 31232K, 0% used [0x00000007be180000,0x00000007be180000,0x00000007c0000000)
  to   space 33792K, 0% used [0x00000007bbe00000,0x00000007bbe00000,0x00000007bdf00000)
 ParOldGen       total 162816K, used 86987K [0x0000000780000000, 0x0000000789f00000, 0x00000007aab00000)
  object space 162816K, 53% used [0x0000000780000000,0x00000007854f2da8,0x0000000789f00000)
 Metaspace       used 75895K, capacity 80427K, committed 80768K, reserved 1118208K
  class space    used 10469K, capacity 12084K, committed 12160K, reserved 1048576K
Event: 3271.129 GC heap after
Heap after GC invocations=26 (full 7):
 PSYoungGen      total 301056K, used 19082K [0x00000007aab00000, 0x00000007c0000000, 0x00000007c0000000)
  eden space 281600K, 0% used [0x00000007aab00000,0x00000007aab00000,0x00000007bbe00000)
  from space 19456K, 98% used [0x00000007bbe00000,0x00000007bd0a29d0,0x00000007bd100000)
  to   space 34304K, 0% used [0x00000007bde80000,0x00000007bde80000,0x00000007c0000000)
 ParOldGen       total 162816K, used 86987K [0x0000000780000000, 0x0000000789f00000, 0x00000007aab00000)
  object space 162816K, 53% used [0x0000000780000000,0x00000007854f2da8,0x0000000789f00000)
 Metaspace       used 75895K, capacity 80427K, committed 80768K, reserved 1118208K
  class space    used 10469K, capacity 12084K, committed 12160K, reserved 1048576K
}
Event: 3271.130 GC heap before
{Heap before GC invocations=27 (full 8):
 PSYoungGen      total 301056K, used 19082K [0x00000007aab00000, 0x00000007c0000000, 0x00000007c0000000)
  eden space 281600K, 0% used [0x00000007aab00000,0x00000007aab00000,0x00000007bbe00000)
  from space 19456K, 98% used [0x00000007bbe00000,0x00000007bd0a29d0,0x00000007bd100000)
  to   space 34304K, 0% used [0x00000007bde80000,0x00000007bde80000,0x00000007c0000000)
 ParOldGen       total 162816K, used 86987K [0x0000000780000000, 0x0000000789f00000, 0x00000007aab00000)
  object space 162816K, 53% used [0x0000000780000000,0x00000007854f2da8,0x0000000789f00000)
 Metaspace       used 75895K, capacity 80427K, committed 80768K, reserved 1118208K
  class space    used 10469K, capacity 12084K, committed 12160K, reserved 1048576K
Event: 3271.527 GC heap after
Heap after GC invocations=27 (full 8):
 PSYoungGen      total 301056K, used 0K [0x00000007aab00000, 0x00000007c0000000, 0x00000007c0000000)
  eden space 281600K, 0% used [0x00000007aab00000,0x00000007aab00000,0x00000007bbe00000)
  from space 19456K, 0% used [0x00000007bbe00000,0x00000007bbe00000,0x00000007bd100000)
  to   space 34304K, 0% used [0x00000007bde80000,0x00000007bde80000,0x00000007c0000000)
 ParOldGen       total 162816K, used 66489K [0x0000000780000000, 0x0000000789f00000, 0x00000007aab00000)
  object space 162816K, 40% used [0x0000000780000000,0x00000007840ee6e8,0x0000000789f00000)
 Metaspace       used 54737K, capacity 56838K, committed 78720K, reserved 1116160K
  class space    used 7234K, capacity 8018K, committed 12160K, reserved 1048576K
}
Event: 3478.469 GC heap before
{Heap before GC invocations=28 (full 8):
 PSYoungGen      total 301056K, used 243734K [0x00000007aab00000, 0x00000007c0000000, 0x00000007c0000000)
  eden space 281600K, 86% used [0x00000007aab00000,0x00000007b9905b38,0x00000007bbe00000)
  from space 19456K, 0% used [0x00000007bbe00000,0x00000007bbe00000,0x00000007bd100000)
  to   space 34304K, 0% used [0x00000007bde80000,0x00000007bde80000,0x00000007c0000000)
 ParOldGen       total 162816K, used 66489K [0x0000000780000000, 0x0000000789f00000, 0x00000007aab00000)
  object space 162816K, 40% used [0x0000000780000000,0x00000007840ee6e8,0x0000000789f00000)
 Metaspace       used 61303K, capacity 64391K, committed 78720K, reserved 1116160K
  class space    used 8219K, capacity 9291K, committed 12160K, reserved 1048576K
Event: 3478.518 GC heap after
Heap after GC invocations=28 (full 8):
 PSYoungGen      total 312832K, used 21866K [0x00000007aab00000, 0x00000007c0000000, 0x00000007c0000000)
  eden space 278528K, 0% used [0x00000007aab00000,0x00000007aab00000,0x00000007bbb00000)
  from space 34304K, 63% used [0x00000007bde80000,0x00000007bf3dab48,0x00000007c0000000)
  to   space 35328K, 0% used [0x00000007bbb00000,0x00000007bbb00000,0x00000007bdd80000)
 ParOldGen       total 162816K, used 66497K [0x0000000780000000, 0x0000000789f00000, 0x00000007aab00000)
  object space 162816K, 40% used [0x0000000780000000,0x00000007840f06e8,0x0000000789f00000)
 Metaspace       used 61303K, capacity 64391K, committed 78720K, reserved 1116160K
  class space    used 8219K, capacity 9291K, committed 12160K, reserved 1048576K
}
Event: 3478.518 GC heap before
{Heap before GC invocations=29 (full 9):
 PSYoungGen      total 312832K, used 21866K [0x00000007aab00000, 0x00000007c0000000, 0x00000007c0000000)
  eden space 278528K, 0% used [0x00000007aab00000,0x00000007aab00000,0x00000007bbb00000)
  from space 34304K, 63% used [0x00000007bde80000,0x00000007bf3dab48,0x00000007c0000000)
  to   space 35328K, 0% used [0x00000007bbb00000,0x00000007bbb00000,0x00000007bdd80000)
 ParOldGen       total 162816K, used 66497K [0x0000000780000000, 0x0000000789f00000, 0x00000007aab00000)
  object space 162816K, 40% used [0x0000000780000000,0x00000007840f06e8,0x0000000789f00000)
 Metaspace       used 61303K, capacity 64391K, committed 78720K, reserved 1116160K
  class space    used 8219K, capacity 9291K, committed 12160K, reserved 1048576K
Event: 3478.917 GC heap after
Heap after GC invocations=29 (full 9):
 PSYoungGen      total 312832K, used 0K [0x00000007aab00000, 0x00000007c0000000, 0x00000007c0000000)
  eden space 278528K, 0% used [0x00000007aab00000,0x00000007aab00000,0x00000007bbb00000)
  from space 34304K, 0% used [0x00000007bde80000,0x00000007bde80000,0x00000007c0000000)
  to   space 35328K, 0% used [0x00000007bbb00000,0x00000007bbb00000,0x00000007bdd80000)
 ParOldGen       total 162816K, used 69790K [0x0000000780000000, 0x0000000789f00000, 0x00000007aab00000)
  object space 162816K, 42% used [0x0000000780000000,0x0000000784427808,0x0000000789f00000)
 Metaspace       used 61269K, capacity 64277K, committed 78720K, reserved 1116160K
  class space    used 8211K, capacity 9257K, committed 12160K, reserved 1048576K
}
Event: 3552.686 GC heap before
{Heap before GC invocations=30 (full 9):
 PSYoungGen      total 312832K, used 278528K [0x00000007aab00000, 0x00000007c0000000, 0x00000007c0000000)
  eden space 278528K, 100% used [0x00000007aab00000,0x00000007bbb00000,0x00000007bbb00000)
  from space 34304K, 0% used [0x00000007bde80000,0x00000007bde80000,0x00000007c0000000)
  to   space 35328K, 0% used [0x00000007bbb00000,0x00000007bbb00000,0x00000007bdd80000)
 ParOldGen       total 162816K, used 69790K [0x0000000780000000, 0x0000000789f00000, 0x00000007aab00000)
  object space 162816K, 42% used [0x0000000780000000,0x0000000784427808,0x0000000789f00000)
 Metaspace       used 68058K, capacity 71918K, committed 78720K, reserved 1116160K
  class space    used 9207K, capacity 10538K, committed 12160K, reserved 1048576K
Event: 3552.728 GC heap after
Heap after GC invocations=30 (full 9):
 PSYoungGen      total 302592K, used 23898K [0x00000007aab00000, 0x00000007c0000000, 0x00000007c0000000)
  eden space 278528K, 0% used [0x00000007aab00000,0x00000007aab00000,0x00000007bbb00000)
  from space 24064K, 99% used [0x00000007bbb00000,0x00000007bd256918,0x00000007bd280000)
  to   space 37376K, 0% used [0x00000007bdb80000,0x00000007bdb80000,0x00000007c0000000)
 ParOldGen       total 162816K, used 69798K [0x0000000780000000, 0x0000000789f00000, 0x00000007aab00000)
  object space 162816K, 42% used [0x0000000780000000,0x0000000784429808,0x0000000789f00000)
 Metaspace       used 68058K, capacity 71918K, committed 78720K, reserved 1116160K
  class space    used 9207K, capacity 10538K, committed 12160K, reserved 1048576K
}

Deoptimization events (10 events):
Event: 3542.709 Thread 0x00007ff932540000 Uncommon trap: reason=class_check action=maybe_recompile pc=0x000000010acb0bb0 method=java.lang.AbstractStringBuilder.append(Ljava/lang/CharSequence;II)Ljava/lang/AbstractStringBuilder; @ 18
Event: 3542.711 Thread 0x00007ff932540000 Uncommon trap: reason=unreached action=reinterpret pc=0x000000010b8dddbc method=com.sun.tools.javac.comp.Attr.check(Lcom/sun/tools/javac/tree/JCTree;Lcom/sun/tools/javac/code/Type;ILcom/sun/tools/javac/comp/Attr$ResultInfo;)Lcom/sun/tools/javac/code/Type;
Event: 3542.724 Thread 0x00007ff932540000 Uncommon trap: reason=unloaded action=reinterpret pc=0x000000010becf418 method=org.gradle.internal.reflect.JavaMethod.invoke(Ljava/lang/Object;[Ljava/lang/Object;)Ljava/lang/Object; @ 24
Event: 3542.724 Thread 0x00007ff932540000 Uncommon trap: reason=bimorphic action=maybe_recompile pc=0x000000010a471a18 method=java.lang.Throwable.<init>(Ljava/lang/String;Ljava/lang/Throwable;)V @ 24
Event: 3542.791 Thread 0x00007ff932540000 Uncommon trap: reason=bimorphic action=maybe_recompile pc=0x000000010ba5b7d0 method=java.util.regex.Pattern$Branch.study(Ljava/util/regex/Pattern$TreeInfo;)Z @ 57
Event: 3542.817 Thread 0x00007ff932540000 Uncommon trap: reason=class_check action=maybe_recompile pc=0x000000010b87ec20 method=java.util.Formatter.format(Ljava/util/Locale;Ljava/lang/String;[Ljava/lang/Object;)Ljava/util/Formatter; @ 76
Event: 3542.880 Thread 0x00007ff935e38800 Uncommon trap: reason=bimorphic action=maybe_recompile pc=0x000000010bc82950 method=java.io.ObjectOutputStream.writeNonProxyDesc(Ljava/io/ObjectStreamClass;Z)V @ 44
Event: 3542.880 Thread 0x00007ff935e38800 Uncommon trap: reason=bimorphic action=maybe_recompile pc=0x000000010bc82950 method=java.io.ObjectOutputStream.writeNonProxyDesc(Ljava/io/ObjectStreamClass;Z)V @ 44
Event: 3542.880 Thread 0x00007ff935e38800 Uncommon trap: reason=bimorphic action=maybe_recompile pc=0x000000010bc82950 method=java.io.ObjectOutputStream.writeNonProxyDesc(Ljava/io/ObjectStreamClass;Z)V @ 44
Event: 3542.880 Thread 0x00007ff935e38800 Uncommon trap: reason=bimorphic action=maybe_recompile pc=0x000000010bc82950 method=java.io.ObjectOutputStream.writeNonProxyDesc(Ljava/io/ObjectStreamClass;Z)V @ 44

Internal exceptions (10 events):
Event: 3553.465 Thread 0x00007ff932540000 Exception <a 'java/lang/ClassNotFoundException': com/android/build/gradle/internal/dsl/BuildType_DecoratedCustomizer> (0x00000007b02376d0) thrown at [/HUDSON3/workspace/8-2-build-macosx-x86_64/jdk8u25/1514/hotspot/src/share/vm/classfile/systemDictionary.c
Event: 3553.466 Thread 0x00007ff932540000 Exception <a 'java/security/PrivilegedActionException'> (0x00000007b02b50a8) thrown at [/HUDSON3/workspace/8-2-build-macosx-x86_64/jdk8u25/1514/hotspot/src/share/vm/prims/jvm.cpp, line 1312]
Event: 3553.466 Thread 0x00007ff932540000 Exception <a 'java/security/PrivilegedActionException'> (0x00000007b02b66d8) thrown at [/HUDSON3/workspace/8-2-build-macosx-x86_64/jdk8u25/1514/hotspot/src/share/vm/prims/jvm.cpp, line 1312]
Event: 3553.466 Thread 0x00007ff932540000 Exception <a 'java/security/PrivilegedActionException'> (0x00000007b02be7b0) thrown at [/HUDSON3/workspace/8-2-build-macosx-x86_64/jdk8u25/1514/hotspot/src/share/vm/prims/jvm.cpp, line 1312]
Event: 3553.466 Thread 0x00007ff932540000 Exception <a 'java/security/PrivilegedActionException'> (0x00000007b02e3688) thrown at [/HUDSON3/workspace/8-2-build-macosx-x86_64/jdk8u25/1514/hotspot/src/share/vm/prims/jvm.cpp, line 1312]
Event: 3553.466 Thread 0x00007ff932540000 Exception <a 'java/security/PrivilegedActionException'> (0x00000007b02e4c70) thrown at [/HUDSON3/workspace/8-2-build-macosx-x86_64/jdk8u25/1514/hotspot/src/share/vm/prims/jvm.cpp, line 1312]
Event: 3553.466 Thread 0x00007ff932540000 Exception <a 'java/security/PrivilegedActionException'> (0x00000007b02ec880) thrown at [/HUDSON3/workspace/8-2-build-macosx-x86_64/jdk8u25/1514/hotspot/src/share/vm/prims/jvm.cpp, line 1312]
Event: 3553.467 Thread 0x00007ff932540000 Exception <a 'java/security/PrivilegedActionException'> (0x00000007b02f6040) thrown at [/HUDSON3/workspace/8-2-build-macosx-x86_64/jdk8u25/1514/hotspot/src/share/vm/prims/jvm.cpp, line 1312]
Event: 3553.467 Thread 0x00007ff932540000 Exception <a 'java/security/PrivilegedActionException'> (0x00000007b02f7640) thrown at [/HUDSON3/workspace/8-2-build-macosx-x86_64/jdk8u25/1514/hotspot/src/share/vm/prims/jvm.cpp, line 1312]
Event: 3553.467 Thread 0x00007ff932540000 Exception <a 'java/security/PrivilegedActionException'> (0x00000007b02ff3e8) thrown at [/HUDSON3/workspace/8-2-build-macosx-x86_64/jdk8u25/1514/hotspot/src/share/vm/prims/jvm.cpp, line 1312]

Events (10 events):
Event: 3553.464 loading class com/android/build/gradle/internal/dsl/BuildTypeCustomizer
Event: 3553.464 loading class com/android/build/gradle/internal/dsl/BuildTypeCustomizer done
Event: 3553.465 loading class com/android/build/gradle/internal/dsl/BuildType_DecoratedCustomizer
Event: 3553.465 loading class com/android/build/gradle/internal/dsl/BuildType_DecoratedCustomizer done
Event: 3553.465 loading class groovy/runtime/metaclass/com/android/build/gradle/internal/dsl/BuildTypeMetaClass
Event: 3553.465 loading class groovy/runtime/metaclass/com/android/build/gradle/internal/dsl/BuildTypeMetaClass done
Event: 3553.466 loading class groovy/runtime/metaclass/com/android/builder/core/DefaultBuildTypeMetaClass
Event: 3553.466 loading class groovy/runtime/metaclass/com/android/builder/core/DefaultBuildTypeMetaClass done
Event: 3553.467 loading class groovy/runtime/metaclass/com/android/builder/internal/BaseConfigImplMetaClass
Event: 3553.467 loading class groovy/runtime/metaclass/com/android/builder/internal/BaseConfigImplMetaClass done


Dynamic libraries:
0x0000000007b3f000 	/System/Library/Frameworks/Cocoa.framework/Versions/A/Cocoa
0x0000000007b3f000 	/System/Library/Frameworks/Security.framework/Versions/A/Security
0x0000000007b3f000 	/System/Library/Frameworks/ApplicationServices.framework/Versions/A/ApplicationServices
0x0000000007b3f000 	/usr/lib/libz.1.dylib
0x0000000007b3f000 	/usr/lib/libSystem.B.dylib
0x0000000007b3f000 	/usr/lib/libobjc.A.dylib
0x0000000007b3f000 	/System/Library/Frameworks/CoreFoundation.framework/Versions/A/CoreFoundation
0x0000000007b3f000 	/System/Library/Frameworks/Foundation.framework/Versions/C/Foundation
0x0000000007b3f000 	/System/Library/Frameworks/AppKit.framework/Versions/C/AppKit
0x0000000007b3f000 	/System/Library/Frameworks/CoreData.framework/Versions/A/CoreData
0x0000000007b3f000 	/System/Library/PrivateFrameworks/RemoteViewServices.framework/Versions/A/RemoteViewServices
0x0000000007b3f000 	/System/Library/PrivateFrameworks/UIFoundation.framework/Versions/A/UIFoundation
0x0000000007b3f000 	/System/Library/Frameworks/IOSurface.framework/Versions/A/IOSurface
0x0000000007b3f000 	/System/Library/Frameworks/AudioToolbox.framework/Versions/A/AudioToolbox
0x0000000007b3f000 	/System/Library/Frameworks/AudioUnit.framework/Versions/A/AudioUnit
0x0000000007b3f000 	/System/Library/PrivateFrameworks/DataDetectorsCore.framework/Versions/A/DataDetectorsCore
0x0000000007b3f000 	/System/Library/PrivateFrameworks/DesktopServicesPriv.framework/Versions/A/DesktopServicesPriv
0x0000000007b3f000 	/System/Library/Frameworks/Carbon.framework/Versions/A/Frameworks/HIToolbox.framework/Versions/A/HIToolbox
0x0000000007b3f000 	/System/Library/Frameworks/QuartzCore.framework/Versions/A/QuartzCore
0x0000000007b3f000 	/System/Library/Frameworks/Carbon.framework/Versions/A/Frameworks/SpeechRecognition.framework/Versions/A/SpeechRecognition
0x0000000007b3f000 	/usr/lib/libauto.dylib
0x0000000007b3f000 	/usr/lib/libicucore.A.dylib
0x0000000007b3f000 	/usr/lib/libxml2.2.dylib
0x0000000007b3f000 	/System/Library/PrivateFrameworks/CoreUI.framework/Versions/A/CoreUI
0x0000000007b3f000 	/System/Library/Frameworks/CoreAudio.framework/Versions/A/CoreAudio
0x0000000007b3f000 	/System/Library/Frameworks/DiskArbitration.framework/Versions/A/DiskArbitration
0x0000000007b3f000 	/usr/lib/liblangid.dylib
0x0000000007b3f000 	/System/Library/PrivateFrameworks/MultitouchSupport.framework/Versions/A/MultitouchSupport
0x0000000007b3f000 	/System/Library/Frameworks/IOKit.framework/Versions/A/IOKit
0x0000000007b3f000 	/usr/lib/libDiagnosticMessagesClient.dylib
0x0000000007b3f000 	/System/Library/Frameworks/CoreServices.framework/Versions/A/CoreServices
0x0000000007b3f000 	/System/Library/PrivateFrameworks/PerformanceAnalysis.framework/Versions/A/PerformanceAnalysis
0x0000000007b3f000 	/System/Library/PrivateFrameworks/GenerationalStorage.framework/Versions/A/GenerationalStorage
0x0000000007b3f000 	/System/Library/Frameworks/OpenGL.framework/Versions/A/OpenGL
0x0000000007b3f000 	/System/Library/PrivateFrameworks/Sharing.framework/Versions/A/Sharing
0x0000000007b3f000 	/System/Library/Frameworks/CoreGraphics.framework/Versions/A/CoreGraphics
0x0000000007b3f000 	/System/Library/Frameworks/CoreText.framework/Versions/A/CoreText
0x0000000007b3f000 	/System/Library/Frameworks/ImageIO.framework/Versions/A/ImageIO
0x0000000007b3f000 	/usr/lib/libextension.dylib
0x0000000007b3f000 	/System/Library/PrivateFrameworks/Backup.framework/Versions/A/Backup
0x0000000007b3f000 	/usr/lib/libarchive.2.dylib
0x0000000007b3f000 	/System/Library/Frameworks/CFNetwork.framework/Versions/A/CFNetwork
0x0000000007b3f000 	/System/Library/Frameworks/SystemConfiguration.framework/Versions/A/SystemConfiguration
0x0000000007b3f000 	/usr/lib/libCRFSuite.dylib
0x0000000007b3f000 	/usr/lib/libc++.1.dylib
0x0000000007b3f000 	/usr/lib/libc++abi.dylib
0x0000000007b3f000 	/usr/lib/system/libcache.dylib
0x0000000007b3f000 	/usr/lib/system/libcommonCrypto.dylib
0x0000000007b3f000 	/usr/lib/system/libcompiler_rt.dylib
0x0000000007b3f000 	/usr/lib/system/libcopyfile.dylib
0x0000000007b3f000 	/usr/lib/system/libcorecrypto.dylib
0x0000000007b3f000 	/usr/lib/system/libdispatch.dylib
0x0000000007b3f000 	/usr/lib/system/libdyld.dylib
0x0000000007b3f000 	/usr/lib/system/libkeymgr.dylib
0x0000000007b3f000 	/usr/lib/system/liblaunch.dylib
0x0000000007b3f000 	/usr/lib/system/libmacho.dylib
0x0000000007b3f000 	/usr/lib/system/libquarantine.dylib
0x0000000007b3f000 	/usr/lib/system/libremovefile.dylib
0x0000000007b3f000 	/usr/lib/system/libsystem_asl.dylib
0x0000000007b3f000 	/usr/lib/system/libsystem_blocks.dylib
0x0000000007b3f000 	/usr/lib/system/libsystem_c.dylib
0x0000000007b3f000 	/usr/lib/system/libsystem_configuration.dylib
0x0000000007b3f000 	/usr/lib/system/libsystem_coreservices.dylib
0x0000000007b3f000 	/usr/lib/system/libsystem_coretls.dylib
0x0000000007b3f000 	/usr/lib/system/libsystem_dnssd.dylib
0x0000000007b3f000 	/usr/lib/system/libsystem_info.dylib
0x0000000007b3f000 	/usr/lib/system/libsystem_kernel.dylib
0x0000000007b3f000 	/usr/lib/system/libsystem_m.dylib
0x0000000007b3f000 	/usr/lib/system/libsystem_malloc.dylib
0x0000000007b3f000 	/usr/lib/system/libsystem_network.dylib
0x0000000007b3f000 	/usr/lib/system/libsystem_networkextension.dylib
0x0000000007b3f000 	/usr/lib/system/libsystem_notify.dylib
0x0000000007b3f000 	/usr/lib/system/libsystem_platform.dylib
0x0000000007b3f000 	/usr/lib/system/libsystem_pthread.dylib
0x0000000007b3f000 	/usr/lib/system/libsystem_sandbox.dylib
0x0000000007b3f000 	/usr/lib/system/libsystem_secinit.dylib
0x0000000007b3f000 	/usr/lib/system/libsystem_stats.dylib
0x0000000007b3f000 	/usr/lib/system/libsystem_trace.dylib
0x0000000007b3f000 	/usr/lib/system/libunc.dylib
0x0000000007b3f000 	/usr/lib/system/libunwind.dylib
0x0000000007b3f000 	/usr/lib/system/libxpc.dylib
0x0000000007b3f000 	/usr/lib/libbz2.1.0.dylib
0x0000000007b3f000 	/usr/lib/liblzma.5.dylib
0x0000000007b3f000 	/usr/lib/libbsm.0.dylib
0x0000000007b3f000 	/usr/lib/libsqlite3.dylib
0x0000000007b3f000 	/usr/lib/system/libkxld.dylib
0x0000000007b3f000 	/usr/lib/libxar.1.dylib
0x0000000007b3f000 	/usr/lib/libpam.2.dylib
0x0000000007b3f000 	/usr/lib/libOpenScriptingUtil.dylib
0x0000000007b3f000 	/System/Library/Frameworks/CoreServices.framework/Versions/A/Frameworks/FSEvents.framework/Versions/A/FSEvents
0x0000000007b3f000 	/System/Library/Frameworks/CoreServices.framework/Versions/A/Frameworks/CarbonCore.framework/Versions/A/CarbonCore
0x0000000007b3f000 	/System/Library/Frameworks/CoreServices.framework/Versions/A/Frameworks/Metadata.framework/Versions/A/Metadata
0x0000000007b3f000 	/System/Library/Frameworks/CoreServices.framework/Versions/A/Frameworks/OSServices.framework/Versions/A/OSServices
0x0000000007b3f000 	/System/Library/Frameworks/CoreServices.framework/Versions/A/Frameworks/SearchKit.framework/Versions/A/SearchKit
0x0000000007b3f000 	/System/Library/Frameworks/CoreServices.framework/Versions/A/Frameworks/AE.framework/Versions/A/AE
0x0000000007b3f000 	/System/Library/Frameworks/CoreServices.framework/Versions/A/Frameworks/LaunchServices.framework/Versions/A/LaunchServices
0x0000000007b3f000 	/System/Library/Frameworks/CoreServices.framework/Versions/A/Frameworks/DictionaryServices.framework/Versions/A/DictionaryServices
0x0000000007b3f000 	/System/Library/Frameworks/NetFS.framework/Versions/A/NetFS
0x0000000007b3f000 	/System/Library/PrivateFrameworks/NetAuth.framework/Versions/A/NetAuth
0x0000000007b3f000 	/System/Library/PrivateFrameworks/login.framework/Versions/A/Frameworks/loginsupport.framework/Versions/A/loginsupport
0x0000000007b3f000 	/System/Library/PrivateFrameworks/TCC.framework/Versions/A/TCC
0x0000000007b3f000 	/usr/lib/libmecabra.dylib
0x0000000007b3f000 	/System/Library/Frameworks/ApplicationServices.framework/Versions/A/Frameworks/ATS.framework/Versions/A/ATS
0x0000000007b3f000 	/System/Library/Frameworks/ApplicationServices.framework/Versions/A/Frameworks/ColorSync.framework/Versions/A/ColorSync
0x0000000007b3f000 	/System/Library/Frameworks/ApplicationServices.framework/Versions/A/Frameworks/HIServices.framework/Versions/A/HIServices
0x0000000007b3f000 	/System/Library/Frameworks/ApplicationServices.framework/Versions/A/Frameworks/LangAnalysis.framework/Versions/A/LangAnalysis
0x0000000007b3f000 	/System/Library/Frameworks/ApplicationServices.framework/Versions/A/Frameworks/PrintCore.framework/Versions/A/PrintCore
0x0000000007b3f000 	/System/Library/Frameworks/ApplicationServices.framework/Versions/A/Frameworks/QD.framework/Versions/A/QD
0x0000000007b3f000 	/System/Library/Frameworks/ApplicationServices.framework/Versions/A/Frameworks/SpeechSynthesis.framework/Versions/A/SpeechSynthesis
0x0000000007b3f000 	/System/Library/Frameworks/Accelerate.framework/Versions/A/Accelerate
0x0000000007b3f000 	/System/Library/Frameworks/Accelerate.framework/Versions/A/Frameworks/vImage.framework/Versions/A/vImage
0x0000000007b3f000 	/System/Library/Frameworks/Accelerate.framework/Versions/A/Frameworks/vecLib.framework/Versions/A/vecLib
0x0000000007b3f000 	/System/Library/Frameworks/Accelerate.framework/Versions/A/Frameworks/vecLib.framework/Versions/A/libvDSP.dylib
0x0000000007b3f000 	/System/Library/Frameworks/Accelerate.framework/Versions/A/Frameworks/vecLib.framework/Versions/A/libvMisc.dylib
0x0000000007b3f000 	/System/Library/Frameworks/Accelerate.framework/Versions/A/Frameworks/vecLib.framework/Versions/A/libLAPACK.dylib
0x0000000007b3f000 	/System/Library/Frameworks/Accelerate.framework/Versions/A/Frameworks/vecLib.framework/Versions/A/libBLAS.dylib
0x0000000007b3f000 	/System/Library/Frameworks/Accelerate.framework/Versions/A/Frameworks/vecLib.framework/Versions/A/libLinearAlgebra.dylib
0x0000000007b3f000 	/System/Library/Frameworks/ApplicationServices.framework/Versions/A/Frameworks/ATS.framework/Versions/A/Resources/libFontParser.dylib
0x0000000007b3f000 	/System/Library/Frameworks/ApplicationServices.framework/Versions/A/Frameworks/ATS.framework/Versions/A/Resources/libFontRegistry.dylib
0x0000000007b3f000 	/System/Library/PrivateFrameworks/AppleVPA.framework/Versions/A/AppleVPA
0x0000000007b3f000 	/System/Library/PrivateFrameworks/AppleJPEG.framework/Versions/A/AppleJPEG
0x0000000007b3f000 	/System/Library/Frameworks/ImageIO.framework/Versions/A/Resources/libJPEG.dylib
0x0000000007b3f000 	/System/Library/Frameworks/ImageIO.framework/Versions/A/Resources/libTIFF.dylib
0x0000000007b3f000 	/System/Library/Frameworks/ImageIO.framework/Versions/A/Resources/libPng.dylib
0x0000000007b3f000 	/System/Library/Frameworks/ImageIO.framework/Versions/A/Resources/libGIF.dylib
0x0000000007b3f000 	/System/Library/Frameworks/ImageIO.framework/Versions/A/Resources/libJP2.dylib
0x0000000007b3f000 	/System/Library/Frameworks/ImageIO.framework/Versions/A/Resources/libRadiance.dylib
0x0000000007b3f000 	/System/Library/Frameworks/CoreVideo.framework/Versions/A/CoreVideo
0x0000000007b3f000 	/System/Library/Frameworks/OpenGL.framework/Versions/A/Libraries/libGLU.dylib
0x0000000007b3f000 	/System/Library/Frameworks/OpenGL.framework/Versions/A/Libraries/libGFXShared.dylib
0x0000000007b3f000 	/System/Library/Frameworks/OpenGL.framework/Versions/A/Libraries/libGL.dylib
0x0000000007b3f000 	/System/Library/Frameworks/OpenGL.framework/Versions/A/Libraries/libGLImage.dylib
0x0000000007b3f000 	/System/Library/Frameworks/OpenGL.framework/Versions/A/Libraries/libCVMSPluginSupport.dylib
0x0000000007b3f000 	/System/Library/Frameworks/OpenGL.framework/Versions/A/Libraries/libCoreVMClient.dylib
0x0000000007b3f000 	/usr/lib/libcups.2.dylib
0x0000000007b3f000 	/System/Library/Frameworks/Kerberos.framework/Versions/A/Kerberos
0x0000000007b3f000 	/System/Library/Frameworks/GSS.framework/Versions/A/GSS
0x0000000007b3f000 	/usr/lib/libresolv.9.dylib
0x0000000007b3f000 	/usr/lib/libiconv.2.dylib
0x0000000007b3f000 	/System/Library/PrivateFrameworks/Heimdal.framework/Versions/A/Heimdal
0x0000000007b3f000 	/usr/lib/libheimdal-asn1.dylib
0x0000000007b3f000 	/System/Library/Frameworks/OpenDirectory.framework/Versions/A/OpenDirectory
0x0000000007b3f000 	/System/Library/PrivateFrameworks/CommonAuth.framework/Versions/A/CommonAuth
0x0000000007b3f000 	/System/Library/Frameworks/OpenDirectory.framework/Versions/A/Frameworks/CFOpenDirectory.framework/Versions/A/CFOpenDirectory
0x0000000007b3f000 	/System/Library/Frameworks/SecurityFoundation.framework/Versions/A/SecurityFoundation
0x0000000007b3f000 	/System/Library/PrivateFrameworks/LanguageModeling.framework/Versions/A/LanguageModeling
0x0000000007b3f000 	/usr/lib/libcmph.dylib
0x0000000007b3f000 	/System/Library/Frameworks/ServiceManagement.framework/Versions/A/ServiceManagement
0x0000000007b3f000 	/usr/lib/libxslt.1.dylib
0x0000000007b3f000 	/System/Library/Frameworks/Carbon.framework/Versions/A/Frameworks/Ink.framework/Versions/A/Ink
0x0000000007b3f000 	/System/Library/Frameworks/QuartzCore.framework/Versions/A/Frameworks/CoreImage.framework/Versions/A/CoreImage
0x0000000007b3f000 	/System/Library/PrivateFrameworks/CrashReporterSupport.framework/Versions/A/CrashReporterSupport
0x0000000007b3f000 	/System/Library/Frameworks/OpenCL.framework/Versions/A/OpenCL
0x0000000007b3f000 	/System/Library/PrivateFrameworks/FaceCore.framework/Versions/A/FaceCore
0x0000000007b3f000 	/System/Library/PrivateFrameworks/Ubiquity.framework/Versions/A/Ubiquity
0x0000000007b3f000 	/System/Library/PrivateFrameworks/IconServices.framework/Versions/A/IconServices
0x0000000007b3f000 	/System/Library/PrivateFrameworks/ChunkingLibrary.framework/Versions/A/ChunkingLibrary
0x0000000007b3f000 	/System/Library/PrivateFrameworks/Apple80211.framework/Versions/A/Apple80211
0x0000000007b3f000 	/System/Library/Frameworks/CoreWLAN.framework/Versions/A/CoreWLAN
0x0000000007b3f000 	/System/Library/Frameworks/IOBluetooth.framework/Versions/A/IOBluetooth
0x0000000007b3f000 	/System/Library/PrivateFrameworks/CoreWiFi.framework/Versions/A/CoreWiFi
0x0000000007b3f000 	/System/Library/Frameworks/CoreBluetooth.framework/Versions/A/CoreBluetooth
0x0000000007b3f000 	/System/Library/PrivateFrameworks/DebugSymbols.framework/Versions/A/DebugSymbols
0x0000000007b3f000 	/System/Library/PrivateFrameworks/CoreSymbolication.framework/Versions/A/CoreSymbolication
0x0000000007b3f000 	/System/Library/PrivateFrameworks/Symbolication.framework/Versions/A/Symbolication
0x0000000007b3f000 	/System/Library/PrivateFrameworks/SpeechRecognitionCore.framework/Versions/A/SpeechRecognitionCore
0x0000000108e00000 	/Library/Java/JavaVirtualMachines/jdk1.8.0_25.jdk/Contents/Home/jre/lib/server/libjvm.dylib
0x0000000007b3f000 	/usr/lib/libstdc++.6.dylib
0x0000000108522000 	/Library/Java/JavaVirtualMachines/jdk1.8.0_25.jdk/Contents/Home/jre/lib/libverify.dylib
0x0000000108530000 	/Library/Java/JavaVirtualMachines/jdk1.8.0_25.jdk/Contents/Home/jre/lib/libjava.dylib
0x000000010856e000 	/Library/Java/JavaVirtualMachines/jdk1.8.0_25.jdk/Contents/Home/jre/lib/libzip.dylib
0x000000011d8ae000 	/System/Library/Frameworks/JavaVM.framework/Frameworks/JavaRuntimeSupport.framework/JavaRuntimeSupport
0x000000011d8c6000 	/System/Library/Frameworks/JavaVM.framework/Versions/A/Frameworks/JavaNativeFoundation.framework/Versions/A/JavaNativeFoundation
0x000000011d8db000 	/System/Library/Frameworks/JavaVM.framework/Versions/A/JavaVM
0x0000000007b3f000 	/System/Library/Frameworks/Carbon.framework/Versions/A/Carbon
0x00000001085f4000 	/System/Library/PrivateFrameworks/JavaLaunching.framework/Versions/A/JavaLaunching
0x0000000007b3f000 	/System/Library/Frameworks/Carbon.framework/Versions/A/Frameworks/CommonPanels.framework/Versions/A/CommonPanels
0x0000000007b3f000 	/System/Library/Frameworks/Carbon.framework/Versions/A/Frameworks/Help.framework/Versions/A/Help
0x0000000007b3f000 	/System/Library/Frameworks/Carbon.framework/Versions/A/Frameworks/ImageCapture.framework/Versions/A/ImageCapture
0x0000000007b3f000 	/System/Library/Frameworks/Carbon.framework/Versions/A/Frameworks/OpenScripting.framework/Versions/A/OpenScripting
0x0000000007b3f000 	/System/Library/Frameworks/Carbon.framework/Versions/A/Frameworks/Print.framework/Versions/A/Print
0x0000000007b3f000 	/System/Library/Frameworks/Carbon.framework/Versions/A/Frameworks/SecurityHI.framework/Versions/A/SecurityHI
0x000000011ff72000 	/private/var/folders/_v/_2v6mfn938386r3zsc2tkjx80000gn/T/native-platform8546333379771544725dir/libnative-platform.dylib
0x000000011ff77000 	/Library/Java/JavaVirtualMachines/jdk1.8.0_25.jdk/Contents/Home/jre/lib/libnet.dylib
0x000000011ff8e000 	/Library/Java/JavaVirtualMachines/jdk1.8.0_25.jdk/Contents/Home/jre/lib/libnio.dylib

VM Arguments:
jvm_args: -XX:MaxPermSize=256m -XX:+HeapDumpOnOutOfMemoryError -Xmx1024m -Dfile.encoding=UTF-8 -Duser.country=US -Duser.language=en -Duser.variant 
java_command: org.gradle.launcher.daemon.bootstrap.GradleDaemon 2.2.1 /Users/99yankee/.gradle/daemon 10800000 455c4c7d-20d6-4ff3-bf4f-4de366d6c695 -XX:MaxPermSize=256m -XX:+HeapDumpOnOutOfMemoryError -Xmx1024m -Dfile.encoding=UTF-8 -Duser.country=US -Duser.language=en -Duser.variant
java_class_path (initial): /Users/99yankee/.gradle/wrapper/dists/gradle-2.2.1-all/c64ydeuardnfqctvr1gm30w53/gradle-2.2.1/lib/gradle-launcher-2.2.1.jar
Launcher Type: SUN_STANDARD

Environment Variables:
PATH=/usr/bin:/bin:/usr/sbin:/sbin
SHELL=/bin/bash
DISPLAY=/private/tmp/com.apple.launchd.p3odLykFCT/org.macosforge.xquartz:0

Signal Handlers:
SIGSEGV: [libjvm.dylib+0x579dc7], sa_mask[0]=11111111011111110111111111111111, sa_flags=SA_ONSTACK|SA_RESTART|SA_SIGINFO
SIGBUS: [libjvm.dylib+0x579dc7], sa_mask[0]=11111111011111110111111111111111, sa_flags=SA_RESTART|SA_SIGINFO
SIGFPE: [libjvm.dylib+0x45b030], sa_mask[0]=11111111011111110111111111111111, sa_flags=SA_RESTART|SA_SIGINFO
SIGPIPE: [libjvm.dylib+0x45b030], sa_mask[0]=11111111011111110111111111111111, sa_flags=SA_RESTART|SA_SIGINFO
SIGXFSZ: [libjvm.dylib+0x45b030], sa_mask[0]=11111111011111110111111111111111, sa_flags=SA_RESTART|SA_SIGINFO
SIGILL: [libjvm.dylib+0x45b030], sa_mask[0]=11111111011111110111111111111111, sa_flags=SA_RESTART|SA_SIGINFO
SIGUSR1: SIG_DFL, sa_mask[0]=00000000000000000000000000000000, sa_flags=none
SIGUSR2: [libjvm.dylib+0x45ab4e], sa_mask[0]=00100000000000000000000000000000, sa_flags=SA_RESTART|SA_SIGINFO
SIGHUP: [libjvm.dylib+0x459121], sa_mask[0]=11111111011111110111111111111111, sa_flags=SA_RESTART|SA_SIGINFO
SIGINT: [libjvm.dylib+0x459121], sa_mask[0]=11111111011111110111111111111111, sa_flags=SA_RESTART|SA_SIGINFO
SIGTERM: [libjvm.dylib+0x459121], sa_mask[0]=11111111011111110111111111111111, sa_flags=SA_RESTART|SA_SIGINFO
SIGQUIT: [libjvm.dylib+0x459121], sa_mask[0]=11111111011111110111111111111111, sa_flags=SA_RESTART|SA_SIGINFO


---------------  S Y S T E M  ---------------

OS:Bsduname:Darwin 14.1.0 Darwin Kernel Version 14.1.0: Mon Dec 22 23:10:38 PST 2014; root:xnu-2782.10.72~2/RELEASE_X86_64 x86_64
rlimit: STACK 8192k, CORE 0k, NPROC 709, NOFILE 10240, AS infinity
load average:2.40 2.18 1.97

CPU:total 4 (2 cores per cpu, 2 threads per core) family 6 model 58 stepping 9, cmov, cx8, fxsr, mmx, sse, sse2, sse3, ssse3, sse4.1, sse4.2, popcnt, avx, aes, clmul, erms, ht, tsc, tscinvbit, tscinv

Memory: 4k page, physical 8388608k(111216k free)

/proc/meminfo:


vm_info: Java HotSpot(TM) 64-Bit Server VM (25.25-b02) for bsd-amd64 JRE (1.8.0_25-b17), built on Sep 17 2014 16:56:50 by "java_re" with gcc 4.2.1 (Based on Apple Inc. build 5658) (LLVM build 2336.11.00)

time: Wed Feb 11 20:27:42 2015
elapsed time: 3553 seconds (0d 0h 59m 13s)

